0 verbose cli C:\Program Files\nodejs\node.exe C:\Program Files\nodejs\node_modules\npm\bin\npm-cli.js
1 info using npm@10.9.2
2 info using node@v22.15.0
3 silly config load:file:C:\Program Files\nodejs\node_modules\npm\npmrc
4 silly config load:file:C:\Users\User\Documents\airsea\development\crowd-counting\narada-ui\.npmrc
5 silly config load:file:C:\Users\User\.npmrc
6 silly config load:file:C:\Users\User\AppData\Roaming\npm\etc\npmrc
7 verbose title npm ci
8 verbose argv "ci" "--cache" ".npm-cache" "--no-audit"
9 verbose logfile logs-max:10 dir:C:\Users\User\Documents\airsea\development\crowd-counting\narada-ui\.npm-cache\_logs\2026-04-29T10_26_14_707Z-
10 verbose logfile C:\Users\User\Documents\airsea\development\crowd-counting\narada-ui\.npm-cache\_logs\2026-04-29T10_26_14_707Z-debug-0.log
11 silly logfile done cleaning log files
12 silly packumentCache heap:4345298944 maxSize:1086324736 maxEntrySize:543162368
13 silly idealTree buildDeps
14 warn EBADENGINE Unsupported engine {
14 warn EBADENGINE   package: 'pkcs7@0.2.3',
14 warn EBADENGINE   required: { node: '^0.10', npm: '^1.4.6' },
14 warn EBADENGINE   current: { node: 'v22.15.0', npm: '10.9.2' }
14 warn EBADENGINE }
15 silly reify moves {}
16 verbose reify failed optional dependency C:\Users\User\Documents\airsea\development\crowd-counting\narada-ui\node_modules\iconv-corefoundation
17 silly reify mark deleted [
17 silly reify   'C:\\Users\\User\\Documents\\airsea\\development\\crowd-counting\\narada-ui\\node_modules\\iconv-corefoundation'
17 silly reify ]
18 verbose reify failed optional dependency C:\Users\User\Documents\airsea\development\crowd-counting\narada-ui\node_modules\dmg-license
19 silly reify mark deleted [
19 silly reify   'C:\\Users\\User\\Documents\\airsea\\development\\crowd-counting\\narada-ui\\node_modules\\dmg-license',
19 silly reify   'C:\\Users\\User\\Documents\\airsea\\development\\crowd-counting\\narada-ui\\node_modules\\.bin\\dmg-license',
19 silly reify   'C:\\Users\\User\\Documents\\airsea\\development\\crowd-counting\\narada-ui\\node_modules\\.bin\\dmg-license.cmd',
19 silly reify   'C:\\Users\\User\\Documents\\airsea\\development\\crowd-counting\\narada-ui\\node_modules\\.bin\\dmg-license.ps1'
19 silly reify ]
20 verbose reify failed optional dependency C:\Users\User\Documents\airsea\development\crowd-counting\narada-ui\node_modules\cli-truncate
21 silly reify mark deleted [
21 silly reify   'C:\\Users\\User\\Documents\\airsea\\development\\crowd-counting\\narada-ui\\node_modules\\cli-truncate'
21 silly reify ]
22 verbose reify failed optional dependency C:\Users\User\Documents\airsea\development\crowd-counting\narada-ui\node_modules\node-addon-api
23 silly reify mark deleted [
23 silly reify   'C:\\Users\\User\\Documents\\airsea\\development\\crowd-counting\\narada-ui\\node_modules\\node-addon-api'
23 silly reify ]
24 verbose reify failed optional dependency C:\Users\User\Documents\airsea\development\crowd-counting\narada-ui\node_modules\@types\plist
25 silly reify mark deleted [
25 silly reify   'C:\\Users\\User\\Documents\\airsea\\development\\crowd-counting\\narada-ui\\node_modules\\@types\\plist'
25 silly reify ]
26 verbose reify failed optional dependency C:\Users\User\Documents\airsea\development\crowd-counting\narada-ui\node_modules\@types\verror
27 silly reify mark deleted [
27 silly reify   'C:\\Users\\User\\Documents\\airsea\\development\\crowd-counting\\narada-ui\\node_modules\\@types\\verror'
27 silly reify ]
28 verbose reify failed optional dependency C:\Users\User\Documents\airsea\development\crowd-counting\narada-ui\node_modules\crc
29 silly reify mark deleted [
29 silly reify   'C:\\Users\\User\\Documents\\airsea\\development\\crowd-counting\\narada-ui\\node_modules\\crc'
29 silly reify ]
30 verbose reify failed optional dependency C:\Users\User\Documents\airsea\development\crowd-counting\narada-ui\node_modules\smart-buffer
31 silly reify mark deleted [
31 silly reify   'C:\\Users\\User\\Documents\\airsea\\development\\crowd-counting\\narada-ui\\node_modules\\smart-buffer'
31 silly reify ]
32 verbose reify failed optional dependency C:\Users\User\Documents\airsea\development\crowd-counting\narada-ui\node_modules\verror
33 silly reify mark deleted [
33 silly reify   'C:\\Users\\User\\Documents\\airsea\\development\\crowd-counting\\narada-ui\\node_modules\\verror'
33 silly reify ]
34 verbose reify failed optional dependency C:\Users\User\Documents\airsea\development\crowd-counting\narada-ui\node_modules\slice-ansi
35 silly reify mark deleted [
35 silly reify   'C:\\Users\\User\\Documents\\airsea\\development\\crowd-counting\\narada-ui\\node_modules\\slice-ansi'
35 silly reify ]
36 verbose reify failed optional dependency C:\Users\User\Documents\airsea\development\crowd-counting\narada-ui\node_modules\assert-plus
37 silly reify mark deleted [
37 silly reify   'C:\\Users\\User\\Documents\\airsea\\development\\crowd-counting\\narada-ui\\node_modules\\assert-plus'
37 silly reify ]
38 verbose reify failed optional dependency C:\Users\User\Documents\airsea\development\crowd-counting\narada-ui\node_modules\extsprintf
39 silly reify mark deleted [
39 silly reify   'C:\\Users\\User\\Documents\\airsea\\development\\crowd-counting\\narada-ui\\node_modules\\extsprintf'
39 silly reify ]
40 verbose reify failed optional dependency C:\Users\User\Documents\airsea\development\crowd-counting\narada-ui\node_modules\astral-regex
41 silly reify mark deleted [
41 silly reify   'C:\\Users\\User\\Documents\\airsea\\development\\crowd-counting\\narada-ui\\node_modules\\astral-regex'
41 silly reify ]
42 verbose reify failed optional dependency C:\Users\User\Documents\airsea\development\crowd-counting\narada-ui\node_modules\dmg-license
43 silly reify mark deleted [
43 silly reify   'C:\\Users\\User\\Documents\\airsea\\development\\crowd-counting\\narada-ui\\node_modules\\dmg-license',
43 silly reify   'C:\\Users\\User\\Documents\\airsea\\development\\crowd-counting\\narada-ui\\node_modules\\.bin\\dmg-license',
43 silly reify   'C:\\Users\\User\\Documents\\airsea\\development\\crowd-counting\\narada-ui\\node_modules\\.bin\\dmg-license.cmd',
43 silly reify   'C:\\Users\\User\\Documents\\airsea\\development\\crowd-counting\\narada-ui\\node_modules\\.bin\\dmg-license.ps1'
43 silly reify ]
44 verbose reify failed optional dependency C:\Users\User\Documents\airsea\development\crowd-counting\narada-ui\node_modules\@types\plist
45 silly reify mark deleted [
45 silly reify   'C:\\Users\\User\\Documents\\airsea\\development\\crowd-counting\\narada-ui\\node_modules\\@types\\plist'
45 silly reify ]
46 verbose reify failed optional dependency C:\Users\User\Documents\airsea\development\crowd-counting\narada-ui\node_modules\@types\verror
47 silly reify mark deleted [
47 silly reify   'C:\\Users\\User\\Documents\\airsea\\development\\crowd-counting\\narada-ui\\node_modules\\@types\\verror'
47 silly reify ]
48 verbose reify failed optional dependency C:\Users\User\Documents\airsea\development\crowd-counting\narada-ui\node_modules\crc
49 silly reify mark deleted [
49 silly reify   'C:\\Users\\User\\Documents\\airsea\\development\\crowd-counting\\narada-ui\\node_modules\\crc'
49 silly reify ]
50 verbose reify failed optional dependency C:\Users\User\Documents\airsea\development\crowd-counting\narada-ui\node_modules\iconv-corefoundation
51 silly reify mark deleted [
51 silly reify   'C:\\Users\\User\\Documents\\airsea\\development\\crowd-counting\\narada-ui\\node_modules\\iconv-corefoundation'
51 silly reify ]
52 verbose reify failed optional dependency C:\Users\User\Documents\airsea\development\crowd-counting\narada-ui\node_modules\smart-buffer
53 silly reify mark deleted [
53 silly reify   'C:\\Users\\User\\Documents\\airsea\\development\\crowd-counting\\narada-ui\\node_modules\\smart-buffer'
53 silly reify ]
54 verbose reify failed optional dependency C:\Users\User\Documents\airsea\development\crowd-counting\narada-ui\node_modules\verror
55 silly reify mark deleted [
55 silly reify   'C:\\Users\\User\\Documents\\airsea\\development\\crowd-counting\\narada-ui\\node_modules\\verror'
55 silly reify ]
56 verbose reify failed optional dependency C:\Users\User\Documents\airsea\development\crowd-counting\narada-ui\node_modules\cli-truncate
57 silly reify mark deleted [
57 silly reify   'C:\\Users\\User\\Documents\\airsea\\development\\crowd-counting\\narada-ui\\node_modules\\cli-truncate'
57 silly reify ]
58 verbose reify failed optional dependency C:\Users\User\Documents\airsea\development\crowd-counting\narada-ui\node_modules\node-addon-api
59 silly reify mark deleted [
59 silly reify   'C:\\Users\\User\\Documents\\airsea\\development\\crowd-counting\\narada-ui\\node_modules\\node-addon-api'
59 silly reify ]
60 verbose reify failed optional dependency C:\Users\User\Documents\airsea\development\crowd-counting\narada-ui\node_modules\assert-plus
61 silly reify mark deleted [
61 silly reify   'C:\\Users\\User\\Documents\\airsea\\development\\crowd-counting\\narada-ui\\node_modules\\assert-plus'
61 silly reify ]
62 verbose reify failed optional dependency C:\Users\User\Documents\airsea\development\crowd-counting\narada-ui\node_modules\extsprintf
63 silly reify mark deleted [
63 silly reify   'C:\\Users\\User\\Documents\\airsea\\development\\crowd-counting\\narada-ui\\node_modules\\extsprintf'
63 silly reify ]
64 verbose reify failed optional dependency C:\Users\User\Documents\airsea\development\crowd-counting\narada-ui\node_modules\slice-ansi
65 silly reify mark deleted [
65 silly reify   'C:\\Users\\User\\Documents\\airsea\\development\\crowd-counting\\narada-ui\\node_modules\\slice-ansi'
65 silly reify ]
66 verbose reify failed optional dependency C:\Users\User\Documents\airsea\development\crowd-counting\narada-ui\node_modules\astral-regex
67 silly reify mark deleted [
67 silly reify   'C:\\Users\\User\\Documents\\airsea\\development\\crowd-counting\\narada-ui\\node_modules\\astral-regex'
67 silly reify ]
68 http cache zip-stream@https://registry.npmjs.org/zip-stream/-/zip-stream-4.1.1.tgz 0ms (cache hit)
69 http cache yauzl@https://registry.npmjs.org/yauzl/-/yauzl-2.10.0.tgz 0ms (cache hit)
70 http cache yargs-parser@https://registry.npmjs.org/yargs-parser/-/yargs-parser-21.1.1.tgz 1ms (cache hit)
71 http cache yargs@https://registry.npmjs.org/yargs/-/yargs-17.7.2.tgz 0ms (cache hit)
72 http cache xtend@https://registry.npmjs.org/xtend/-/xtend-4.0.2.tgz 0ms (cache hit)
73 http cache y18n@https://registry.npmjs.org/y18n/-/y18n-5.0.8.tgz 0ms (cache hit)
74 http cache yallist@https://registry.npmjs.org/yallist/-/yallist-4.0.0.tgz 0ms (cache hit)
75 http cache xmlbuilder@https://registry.npmjs.org/xmlbuilder/-/xmlbuilder-15.1.1.tgz 0ms (cache hit)
76 http cache xhr@https://registry.npmjs.org/xhr/-/xhr-2.4.0.tgz 0ms (cache hit)
77 http cache wrap-ansi-cjs@https://registry.npmjs.org/wrap-ansi/-/wrap-ansi-7.0.0.tgz 1ms (cache hit)
78 http cache wrap-ansi@https://registry.npmjs.org/wrap-ansi/-/wrap-ansi-7.0.0.tgz 0ms (cache hit)
79 http cache which@https://registry.npmjs.org/which/-/which-2.0.2.tgz 0ms (cache hit)
80 http cache webwackify@https://registry.npmjs.org/webwackify/-/webwackify-0.1.6.tgz 0ms (cache hit)
81 http cache videojs-vtt.js@https://registry.npmjs.org/videojs-vtt.js/-/videojs-vtt.js-0.15.5.tgz 0ms (cache hit)
82 http cache videojs-font@https://registry.npmjs.org/videojs-font/-/videojs-font-4.2.0.tgz 0ms (cache hit)
83 http cache videojs-contrib-media-sources@https://registry.npmjs.org/videojs-contrib-media-sources/-/videojs-contrib-media-sources-4.7.2.tgz 0ms (cache hit)
84 http cache videojs-ie8@https://registry.npmjs.org/videojs-ie8/-/videojs-ie8-1.1.2.tgz 0ms (cache hit)
85 http cache videojs-contrib-hls@https://registry.npmjs.org/videojs-contrib-hls/-/videojs-contrib-hls-5.15.0.tgz 0ms (cache hit)
86 http cache videojs-contrib-quality-levels@https://registry.npmjs.org/videojs-contrib-quality-levels/-/videojs-contrib-quality-levels-4.1.0.tgz 0ms (cache hit)
87 http cache util-deprecate@https://registry.npmjs.org/util-deprecate/-/util-deprecate-1.0.2.tgz 0ms (cache hit)
88 http cache video.js@https://registry.npmjs.org/video.js/-/video.js-8.23.4.tgz 0ms (cache hit)
89 http cache utf8-byte-length@https://registry.npmjs.org/utf8-byte-length/-/utf8-byte-length-1.0.5.tgz 0ms (cache hit)
90 http cache url-toolkit@https://registry.npmjs.org/url-toolkit/-/url-toolkit-2.2.5.tgz 0ms (cache hit)
91 http cache verror@https://registry.npmjs.org/verror/-/verror-1.10.1.tgz 0ms (cache hit)
92 http cache uri-js@https://registry.npmjs.org/uri-js/-/uri-js-4.4.1.tgz 0ms (cache hit)
93 http cache typescript@https://registry.npmjs.org/typescript/-/typescript-5.9.3.tgz 0ms (cache hit)
94 http cache undici-types@https://registry.npmjs.org/undici-types/-/undici-types-6.21.0.tgz 0ms (cache hit)
95 http cache type-fest@https://registry.npmjs.org/type-fest/-/type-fest-0.13.1.tgz 0ms (cache hit)
96 http cache universalify@https://registry.npmjs.org/universalify/-/universalify-0.1.2.tgz 0ms (cache hit)
97 http cache truncate-utf8-bytes@https://registry.npmjs.org/truncate-utf8-bytes/-/truncate-utf8-bytes-1.0.2.tgz 0ms (cache hit)
98 http cache tsml@https://registry.npmjs.org/tsml/-/tsml-1.0.1.tgz 0ms (cache hit)
99 http cache wrappy@https://registry.npmjs.org/wrappy/-/wrappy-1.0.2.tgz 0ms (cache hit)
100 http cache tmp@https://registry.npmjs.org/tmp/-/tmp-0.2.5.tgz 0ms (cache hit)
101 http cache tmp-promise@https://registry.npmjs.org/tmp-promise/-/tmp-promise-3.0.3.tgz 0ms (cache hit)
102 http cache temp-file@https://registry.npmjs.org/temp-file/-/temp-file-3.4.0.tgz 0ms (cache hit)
103 http cache supports-color@https://registry.npmjs.org/supports-color/-/supports-color-7.2.0.tgz 0ms (cache hit)
104 http cache sumchecker@https://registry.npmjs.org/sumchecker/-/sumchecker-3.0.1.tgz 0ms (cache hit)
105 http cache tar@https://registry.npmjs.org/tar/-/tar-6.2.1.tgz 0ms (cache hit)
106 http cache strip-ansi-cjs@https://registry.npmjs.org/strip-ansi/-/strip-ansi-6.0.1.tgz 0ms (cache hit)
107 http cache strip-ansi@https://registry.npmjs.org/strip-ansi/-/strip-ansi-6.0.1.tgz 0ms (cache hit)
108 http cache string-width-cjs@https://registry.npmjs.org/string-width/-/string-width-4.2.3.tgz 0ms (cache hit)
109 http cache tar-stream@https://registry.npmjs.org/tar-stream/-/tar-stream-2.2.0.tgz 0ms (cache hit)
110 http cache string_decoder@https://registry.npmjs.org/string_decoder/-/string_decoder-1.3.0.tgz 0ms (cache hit)
111 http cache string-width@https://registry.npmjs.org/string-width/-/string-width-4.2.3.tgz 0ms (cache hit)
112 http cache stat-mode@https://registry.npmjs.org/stat-mode/-/stat-mode-1.0.0.tgz 0ms (cache hit)
113 http cache source-map-support@https://registry.npmjs.org/source-map-support/-/source-map-support-0.5.21.tgz 0ms (cache hit)
114 http cache source-map@https://registry.npmjs.org/source-map/-/source-map-0.6.1.tgz 0ms (cache hit)
115 http cache sprintf-js@https://registry.npmjs.org/sprintf-js/-/sprintf-js-1.1.3.tgz 0ms (cache hit)
116 http cache smart-buffer@https://registry.npmjs.org/smart-buffer/-/smart-buffer-4.2.0.tgz 0ms (cache hit)
117 http cache signal-exit@https://registry.npmjs.org/signal-exit/-/signal-exit-4.1.0.tgz 0ms (cache hit)
118 http cache simple-update-notifier@https://registry.npmjs.org/simple-update-notifier/-/simple-update-notifier-2.0.0.tgz 0ms (cache hit)
119 http cache shebang-command@https://registry.npmjs.org/shebang-command/-/shebang-command-2.0.0.tgz 0ms (cache hit)
120 http cache semver-compare@https://registry.npmjs.org/semver-compare/-/semver-compare-1.0.0.tgz 0ms (cache hit)
121 http cache shebang-regex@https://registry.npmjs.org/shebang-regex/-/shebang-regex-3.0.0.tgz 0ms (cache hit)
122 http cache slice-ansi@https://registry.npmjs.org/slice-ansi/-/slice-ansi-3.0.0.tgz 0ms (cache hit)
123 http cache serialize-error@https://registry.npmjs.org/serialize-error/-/serialize-error-7.0.1.tgz 0ms (cache hit)
124 http cache semver@https://registry.npmjs.org/semver/-/semver-6.3.1.tgz 0ms (cache hit)
125 http cache sanitize-filename@https://registry.npmjs.org/sanitize-filename/-/sanitize-filename-1.6.3.tgz 0ms (cache hit)
126 http cache safe-json-parse@https://registry.npmjs.org/safe-json-parse/-/safe-json-parse-4.0.0.tgz 0ms (cache hit)
127 http cache safer-buffer@https://registry.npmjs.org/safer-buffer/-/safer-buffer-2.1.2.tgz 0ms (cache hit)
128 http cache sax@https://registry.npmjs.org/sax/-/sax-1.4.3.tgz 0ms (cache hit)
129 http cache safe-buffer@https://registry.npmjs.org/safe-buffer/-/safe-buffer-5.2.1.tgz 0ms (cache hit)
130 http cache rust-result@https://registry.npmjs.org/rust-result/-/rust-result-1.0.0.tgz 0ms (cache hit)
131 http cache roarr@https://registry.npmjs.org/roarr/-/roarr-2.15.4.tgz 0ms (cache hit)
132 http cache responselike@https://registry.npmjs.org/responselike/-/responselike-2.0.1.tgz 0ms (cache hit)
133 http cache retry@https://registry.npmjs.org/retry/-/retry-0.12.0.tgz 0ms (cache hit)
134 http cache resolve-alpn@https://registry.npmjs.org/resolve-alpn/-/resolve-alpn-1.2.1.tgz 0ms (cache hit)
135 http cache require-directory@https://registry.npmjs.org/require-directory/-/require-directory-2.1.1.tgz 0ms (cache hit)
136 http cache regenerator-runtime@https://registry.npmjs.org/regenerator-runtime/-/regenerator-runtime-0.11.1.tgz 0ms (cache hit)
137 http cache readable-stream@https://registry.npmjs.org/readable-stream/-/readable-stream-3.6.2.tgz 0ms (cache hit)
138 http cache read-config-file@https://registry.npmjs.org/read-config-file/-/read-config-file-6.3.2.tgz 0ms (cache hit)
139 http cache quick-lru@https://registry.npmjs.org/quick-lru/-/quick-lru-5.1.1.tgz 0ms (cache hit)
140 http cache punycode@https://registry.npmjs.org/punycode/-/punycode-2.3.1.tgz 0ms (cache hit)
141 http cache readdir-glob@https://registry.npmjs.org/readdir-glob/-/readdir-glob-1.1.3.tgz 0ms (cache hit)
142 http cache pump@https://registry.npmjs.org/pump/-/pump-3.0.3.tgz 0ms (cache hit)
143 http cache promise-retry@https://registry.npmjs.org/promise-retry/-/promise-retry-2.0.1.tgz 0ms (cache hit)
144 http cache progress@https://registry.npmjs.org/progress/-/progress-2.0.3.tgz 0ms (cache hit)
145 http cache process@https://registry.npmjs.org/process/-/process-0.11.10.tgz 0ms (cache hit)
146 http cache plist@https://registry.npmjs.org/plist/-/plist-3.1.0.tgz 0ms (cache hit)
147 http cache process-nextick-args@https://registry.npmjs.org/process-nextick-args/-/process-nextick-args-2.0.1.tgz 0ms (cache hit)
148 http cache pkcs7@https://registry.npmjs.org/pkcs7/-/pkcs7-1.0.4.tgz 0ms (cache hit)
149 http cache picocolors@https://registry.npmjs.org/picocolors/-/picocolors-1.1.1.tgz 0ms (cache hit)
150 http cache pend@https://registry.npmjs.org/pend/-/pend-1.2.0.tgz 0ms (cache hit)
151 http cache path-scurry@https://registry.npmjs.org/path-scurry/-/path-scurry-1.11.1.tgz 0ms (cache hit)
152 http cache path-key@https://registry.npmjs.org/path-key/-/path-key-3.1.1.tgz 0ms (cache hit)
153 http cache path-is-absolute@https://registry.npmjs.org/path-is-absolute/-/path-is-absolute-1.0.1.tgz 0ms (cache hit)
154 http cache package-json-from-dist@https://registry.npmjs.org/package-json-from-dist/-/package-json-from-dist-1.0.1.tgz 0ms (cache hit)
155 http cache parse-headers@https://registry.npmjs.org/parse-headers/-/parse-headers-2.0.6.tgz 0ms (cache hit)
156 http cache once@https://registry.npmjs.org/once/-/once-1.4.0.tgz 0ms (cache hit)
157 http cache normalize-url@https://registry.npmjs.org/normalize-url/-/normalize-url-6.1.0.tgz 0ms (cache hit)
158 http cache object-keys@https://registry.npmjs.org/object-keys/-/object-keys-1.1.1.tgz 0ms (cache hit)
159 http cache p-cancelable@https://registry.npmjs.org/p-cancelable/-/p-cancelable-2.1.1.tgz 0ms (cache hit)
160 http cache normalize-path@https://registry.npmjs.org/normalize-path/-/normalize-path-3.0.0.tgz 0ms (cache hit)
161 http cache mux.js@https://registry.npmjs.org/mux.js/-/mux.js-7.1.0.tgz 0ms (cache hit)
162 http cache node-addon-api@https://registry.npmjs.org/node-addon-api/-/node-addon-api-1.7.2.tgz 0ms (cache hit)
163 http cache ms@https://registry.npmjs.org/ms/-/ms-2.1.3.tgz 0ms (cache hit)
164 http cache mpd-parser@https://registry.npmjs.org/mpd-parser/-/mpd-parser-1.3.1.tgz 0ms (cache hit)
165 http cache mkdirp@https://registry.npmjs.org/mkdirp/-/mkdirp-1.0.4.tgz 0ms (cache hit)
166 http cache minipass@https://registry.npmjs.org/minipass/-/minipass-5.0.0.tgz 0ms (cache hit)
167 http cache minimist@https://registry.npmjs.org/minimist/-/minimist-1.2.8.tgz 0ms (cache hit)
168 http cache minimatch@https://registry.npmjs.org/minimatch/-/minimatch-5.1.6.tgz 0ms (cache hit)
169 http cache min-document@https://registry.npmjs.org/min-document/-/min-document-2.19.2.tgz 0ms (cache hit)
170 http cache minizlib@https://registry.npmjs.org/minizlib/-/minizlib-2.1.2.tgz 0ms (cache hit)
171 http cache mimic-response@https://registry.npmjs.org/mimic-response/-/mimic-response-1.0.1.tgz 0ms (cache hit)
172 http cache mime-db@https://registry.npmjs.org/mime-db/-/mime-db-1.52.0.tgz 0ms (cache hit)
173 http cache mime-types@https://registry.npmjs.org/mime-types/-/mime-types-2.1.35.tgz 0ms (cache hit)
174 http cache mime@https://registry.npmjs.org/mime/-/mime-2.6.0.tgz 0ms (cache hit)
175 http cache math-intrinsics@https://registry.npmjs.org/math-intrinsics/-/math-intrinsics-1.1.0.tgz 0ms (cache hit)
176 http cache matcher@https://registry.npmjs.org/matcher/-/matcher-3.0.0.tgz 0ms (cache hit)
177 http cache m3u8-parser@https://registry.npmjs.org/m3u8-parser/-/m3u8-parser-7.2.0.tgz 0ms (cache hit)
178 http cache lowercase-keys@https://registry.npmjs.org/lowercase-keys/-/lowercase-keys-2.0.0.tgz 0ms (cache hit)
179 http cache lodash.isplainobject@https://registry.npmjs.org/lodash.isplainobject/-/lodash.isplainobject-4.0.6.tgz 0ms (cache hit)
180 http cache lodash.union@https://registry.npmjs.org/lodash.union/-/lodash.union-4.6.0.tgz 0ms (cache hit)
181 http cache lru-cache@https://registry.npmjs.org/lru-cache/-/lru-cache-6.0.0.tgz 0ms (cache hit)
182 http cache lodash.flatten@https://registry.npmjs.org/lodash.flatten/-/lodash.flatten-4.4.0.tgz 0ms (cache hit)
183 http cache lodash.difference@https://registry.npmjs.org/lodash.difference/-/lodash.difference-4.5.0.tgz 0ms (cache hit)
184 http cache lodash.defaults@https://registry.npmjs.org/lodash.defaults/-/lodash.defaults-4.2.0.tgz 0ms (cache hit)
185 http cache lazystream@https://registry.npmjs.org/lazystream/-/lazystream-1.0.1.tgz 0ms (cache hit)
186 http cache lazy-val@https://registry.npmjs.org/lazy-val/-/lazy-val-1.0.5.tgz 0ms (cache hit)
187 http cache lodash@https://registry.npmjs.org/lodash/-/lodash-4.17.21.tgz 0ms (cache hit)
188 http cache keyv@https://registry.npmjs.org/keyv/-/keyv-4.5.4.tgz 0ms (cache hit)
189 http cache jsonfile@https://registry.npmjs.org/jsonfile/-/jsonfile-4.0.0.tgz 0ms (cache hit)
190 http cache json5@https://registry.npmjs.org/json5/-/json5-2.2.3.tgz 0ms (cache hit)
191 http cache json-schema-traverse@https://registry.npmjs.org/json-schema-traverse/-/json-schema-traverse-0.4.1.tgz 0ms (cache hit)
192 http cache json-buffer@https://registry.npmjs.org/json-buffer/-/json-buffer-3.0.1.tgz 0ms (cache hit)
193 http cache js-yaml@https://registry.npmjs.org/js-yaml/-/js-yaml-4.1.1.tgz 0ms (cache hit)
194 http cache json-stringify-safe@https://registry.npmjs.org/json-stringify-safe/-/json-stringify-safe-5.0.1.tgz 0ms (cache hit)
195 http cache isexe@https://registry.npmjs.org/isexe/-/isexe-2.0.0.tgz 0ms (cache hit)
196 http cache jackspeak@https://registry.npmjs.org/jackspeak/-/jackspeak-3.4.3.tgz 0ms (cache hit)
197 http cache isbinaryfile@https://registry.npmjs.org/isbinaryfile/-/isbinaryfile-5.0.7.tgz 0ms (cache hit)
198 http cache isarray@https://registry.npmjs.org/isarray/-/isarray-1.0.0.tgz 0ms (cache hit)
199 http cache is-function@https://registry.npmjs.org/is-function/-/is-function-1.0.2.tgz 0ms (cache hit)
200 http cache jake@https://registry.npmjs.org/jake/-/jake-10.9.4.tgz 0ms (cache hit)
201 http cache is-fullwidth-code-point@https://registry.npmjs.org/is-fullwidth-code-point/-/is-fullwidth-code-point-3.0.0.tgz 0ms (cache hit)
202 http cache inherits@https://registry.npmjs.org/inherits/-/inherits-2.0.4.tgz 0ms (cache hit)
203 http cache is-ci@https://registry.npmjs.org/is-ci/-/is-ci-3.0.1.tgz 0ms (cache hit)
204 http cache inflight@https://registry.npmjs.org/inflight/-/inflight-1.0.6.tgz 0ms (cache hit)
205 http cache individual@https://registry.npmjs.org/individual/-/individual-2.0.0.tgz 0ms (cache hit)
206 http cache ieee754@https://registry.npmjs.org/ieee754/-/ieee754-1.2.1.tgz 0ms (cache hit)
207 http cache iconv-lite@https://registry.npmjs.org/iconv-lite/-/iconv-lite-0.6.3.tgz 0ms (cache hit)
208 http cache http2-wrapper@https://registry.npmjs.org/http2-wrapper/-/http2-wrapper-1.0.3.tgz 0ms (cache hit)
209 http cache https-proxy-agent@https://registry.npmjs.org/https-proxy-agent/-/https-proxy-agent-5.0.1.tgz 0ms (cache hit)
210 http cache http-proxy-agent@https://registry.npmjs.org/http-proxy-agent/-/http-proxy-agent-5.0.0.tgz 0ms (cache hit)
211 http cache hosted-git-info@https://registry.npmjs.org/hosted-git-info/-/hosted-git-info-4.1.0.tgz 0ms (cache hit)
212 http cache hasown@https://registry.npmjs.org/hasown/-/hasown-2.0.2.tgz 0ms (cache hit)
213 http cache has-tostringtag@https://registry.npmjs.org/has-tostringtag/-/has-tostringtag-1.0.2.tgz 0ms (cache hit)
214 http cache has-symbols@https://registry.npmjs.org/has-symbols/-/has-symbols-1.1.0.tgz 0ms (cache hit)
215 http cache hls.js@https://registry.npmjs.org/hls.js/-/hls.js-1.6.15.tgz 0ms (cache hit)
216 http cache has-property-descriptors@https://registry.npmjs.org/has-property-descriptors/-/has-property-descriptors-1.0.2.tgz 0ms (cache hit)
217 http cache http-cache-semantics@https://registry.npmjs.org/http-cache-semantics/-/http-cache-semantics-4.2.0.tgz 0ms (cache hit)
218 http cache has-flag@https://registry.npmjs.org/has-flag/-/has-flag-4.0.0.tgz 0ms (cache hit)
219 http cache graceful-fs@https://registry.npmjs.org/graceful-fs/-/graceful-fs-4.2.11.tgz 0ms (cache hit)
220 http cache gopd@https://registry.npmjs.org/gopd/-/gopd-1.2.0.tgz 0ms (cache hit)
221 http cache global@https://registry.npmjs.org/global/-/global-4.4.0.tgz 0ms (cache hit)
222 http cache global-agent@https://registry.npmjs.org/global-agent/-/global-agent-3.0.0.tgz 0ms (cache hit)
223 http cache got@https://registry.npmjs.org/got/-/got-11.8.6.tgz 0ms (cache hit)
224 http cache glob@https://registry.npmjs.org/glob/-/glob-7.2.3.tgz 0ms (cache hit)
225 http cache get-stream@https://registry.npmjs.org/get-stream/-/get-stream-5.2.0.tgz 0ms (cache hit)
226 http cache get-proto@https://registry.npmjs.org/get-proto/-/get-proto-1.0.1.tgz 0ms (cache hit)
227 http cache get-caller-file@https://registry.npmjs.org/get-caller-file/-/get-caller-file-2.0.5.tgz 0ms (cache hit)
228 http cache get-intrinsic@https://registry.npmjs.org/get-intrinsic/-/get-intrinsic-1.3.0.tgz 0ms (cache hit)
229 http cache function-bind@https://registry.npmjs.org/function-bind/-/function-bind-1.1.2.tgz 0ms (cache hit)
230 http cache fs.realpath@https://registry.npmjs.org/fs.realpath/-/fs.realpath-1.0.0.tgz 0ms (cache hit)
231 http cache fs-minipass@https://registry.npmjs.org/fs-minipass/-/fs-minipass-2.1.0.tgz 0ms (cache hit)
232 http cache fs-extra@https://registry.npmjs.org/fs-extra/-/fs-extra-8.1.0.tgz 0ms (cache hit)
233 http cache fs-constants@https://registry.npmjs.org/fs-constants/-/fs-constants-1.0.0.tgz 0ms (cache hit)
234 http cache form-data@https://registry.npmjs.org/form-data/-/form-data-4.0.5.tgz 0ms (cache hit)
235 http cache foreground-child@https://registry.npmjs.org/foreground-child/-/foreground-child-3.3.1.tgz 0ms (cache hit)
236 http cache fd-slicer@https://registry.npmjs.org/fd-slicer/-/fd-slicer-1.1.0.tgz 0ms (cache hit)
237 http cache filelist@https://registry.npmjs.org/filelist/-/filelist-1.0.4.tgz 0ms (cache hit)
238 http cache fast-json-stable-stringify@https://registry.npmjs.org/fast-json-stable-stringify/-/fast-json-stable-stringify-2.1.0.tgz 0ms (cache hit)
239 http cache fast-deep-equal@https://registry.npmjs.org/fast-deep-equal/-/fast-deep-equal-3.1.3.tgz 0ms (cache hit)
240 http cache extsprintf@https://registry.npmjs.org/extsprintf/-/extsprintf-1.4.1.tgz 0ms (cache hit)
241 http cache escape-string-regexp@https://registry.npmjs.org/escape-string-regexp/-/escape-string-regexp-4.0.0.tgz 0ms (cache hit)
242 http cache es6-error@https://registry.npmjs.org/es6-error/-/es6-error-4.1.1.tgz 0ms (cache hit)
243 http cache escalade@https://registry.npmjs.org/escalade/-/escalade-3.2.0.tgz 0ms (cache hit)
244 http cache es5-shim@https://registry.npmjs.org/es5-shim/-/es5-shim-4.6.7.tgz 0ms (cache hit)
245 http cache es-set-tostringtag@https://registry.npmjs.org/es-set-tostringtag/-/es-set-tostringtag-2.1.0.tgz 0ms (cache hit)
246 http cache es-object-atoms@https://registry.npmjs.org/es-object-atoms/-/es-object-atoms-1.1.1.tgz 0ms (cache hit)
247 http cache extract-zip@https://registry.npmjs.org/extract-zip/-/extract-zip-2.0.1.tgz 0ms (cache hit)
248 http cache globalthis@https://registry.npmjs.org/globalthis/-/globalthis-1.0.4.tgz 0ms (cache hit)
249 http cache es-errors@https://registry.npmjs.org/es-errors/-/es-errors-1.3.0.tgz 0ms (cache hit)
250 http cache es-define-property@https://registry.npmjs.org/es-define-property/-/es-define-property-1.0.1.tgz 0ms (cache hit)
251 http cache err-code@https://registry.npmjs.org/err-code/-/err-code-2.0.3.tgz 0ms (cache hit)
252 http cache electron-publish@https://registry.npmjs.org/electron-publish/-/electron-publish-24.13.1.tgz 0ms (cache hit)
253 http cache end-of-stream@https://registry.npmjs.org/end-of-stream/-/end-of-stream-1.4.5.tgz 0ms (cache hit)
254 http cache electron-builder@https://registry.npmjs.org/electron-builder/-/electron-builder-24.13.3.tgz 0ms (cache hit)
255 http cache emoji-regex@https://registry.npmjs.org/emoji-regex/-/emoji-regex-8.0.0.tgz 0ms (cache hit)
256 http cache electron@https://registry.npmjs.org/electron/-/electron-29.4.6.tgz 0ms (cache hit)
257 http cache dunder-proto@https://registry.npmjs.org/dunder-proto/-/dunder-proto-1.0.1.tgz 0ms (cache hit)
258 http cache env-paths@https://registry.npmjs.org/env-paths/-/env-paths-2.2.1.tgz 0ms (cache hit)
259 http cache ejs@https://registry.npmjs.org/ejs/-/ejs-3.1.10.tgz 0ms (cache hit)
260 http cache eastasianwidth@https://registry.npmjs.org/eastasianwidth/-/eastasianwidth-0.2.0.tgz 0ms (cache hit)
261 http cache electron-builder-squirrel-windows@https://registry.npmjs.org/electron-builder-squirrel-windows/-/electron-builder-squirrel-windows-24.13.3.tgz 0ms (cache hit)
262 http cache dir-compare@https://registry.npmjs.org/dir-compare/-/dir-compare-3.3.0.tgz 0ms (cache hit)
263 http cache detect-node@https://registry.npmjs.org/detect-node/-/detect-node-2.1.0.tgz 0ms (cache hit)
264 http cache dotenv@https://registry.npmjs.org/dotenv/-/dotenv-9.0.2.tgz 0ms (cache hit)
265 http cache dotenv-expand@https://registry.npmjs.org/dotenv-expand/-/dotenv-expand-5.1.0.tgz 0ms (cache hit)
266 http cache dom-walk@https://registry.npmjs.org/dom-walk/-/dom-walk-0.1.2.tgz 0ms (cache hit)
267 http cache dmg-builder@https://registry.npmjs.org/dmg-builder/-/dmg-builder-24.13.3.tgz 0ms (cache hit)
268 http cache delayed-stream@https://registry.npmjs.org/delayed-stream/-/delayed-stream-1.0.0.tgz 0ms (cache hit)
269 http cache define-properties@https://registry.npmjs.org/define-properties/-/define-properties-1.2.1.tgz 0ms (cache hit)
270 http cache defer-to-connect@https://registry.npmjs.org/defer-to-connect/-/defer-to-connect-2.0.1.tgz 0ms (cache hit)
271 http cache debug@https://registry.npmjs.org/debug/-/debug-4.4.3.tgz 0ms (cache hit)
272 http cache decompress-response@https://registry.npmjs.org/decompress-response/-/decompress-response-6.0.0.tgz 0ms (cache hit)
273 http cache cross-spawn@https://registry.npmjs.org/cross-spawn/-/cross-spawn-7.0.6.tgz 1ms (cache hit)
274 http cache crc32-stream@https://registry.npmjs.org/crc32-stream/-/crc32-stream-4.0.3.tgz 0ms (cache hit)
275 http cache crc-32@https://registry.npmjs.org/crc-32/-/crc-32-1.2.2.tgz 0ms (cache hit)
276 http cache define-data-property@https://registry.npmjs.org/define-data-property/-/define-data-property-1.1.4.tgz 0ms (cache hit)
277 http cache crc@https://registry.npmjs.org/crc/-/crc-3.8.0.tgz 0ms (cache hit)
278 http cache core-util-is@https://registry.npmjs.org/core-util-is/-/core-util-is-1.0.2.tgz 0ms (cache hit)
279 http cache core-js@https://registry.npmjs.org/core-js/-/core-js-2.6.12.tgz 0ms (cache hit)
280 http cache concat-map@https://registry.npmjs.org/concat-map/-/concat-map-0.0.1.tgz 0ms (cache hit)
281 http cache compress-commons@https://registry.npmjs.org/compress-commons/-/compress-commons-4.1.2.tgz 0ms (cache hit)
282 http cache compare-version@https://registry.npmjs.org/compare-version/-/compare-version-0.1.2.tgz 0ms (cache hit)
283 http cache config-file-ts@https://registry.npmjs.org/config-file-ts/-/config-file-ts-0.2.6.tgz 0ms (cache hit)
284 http cache commander@https://registry.npmjs.org/commander/-/commander-5.1.0.tgz 0ms (cache hit)
285 http cache combined-stream@https://registry.npmjs.org/combined-stream/-/combined-stream-1.0.8.tgz 0ms (cache hit)
286 http cache clone-response@https://registry.npmjs.org/clone-response/-/clone-response-1.0.3.tgz 0ms (cache hit)
287 http cache color-convert@https://registry.npmjs.org/color-convert/-/color-convert-2.0.1.tgz 0ms (cache hit)
288 http cache cliui@https://registry.npmjs.org/cliui/-/cliui-8.0.1.tgz 0ms (cache hit)
289 http cache cli-truncate@https://registry.npmjs.org/cli-truncate/-/cli-truncate-2.1.0.tgz 0ms (cache hit)
290 http cache color-name@https://registry.npmjs.org/color-name/-/color-name-1.1.4.tgz 0ms (cache hit)
291 http cache chalk@https://registry.npmjs.org/chalk/-/chalk-4.1.2.tgz 0ms (cache hit)
292 http cache chromium-pickle-js@https://registry.npmjs.org/chromium-pickle-js/-/chromium-pickle-js-0.2.0.tgz 0ms (cache hit)
293 http cache call-bind-apply-helpers@https://registry.npmjs.org/call-bind-apply-helpers/-/call-bind-apply-helpers-1.0.2.tgz 0ms (cache hit)
294 http cache chownr@https://registry.npmjs.org/chownr/-/chownr-2.0.0.tgz 0ms (cache hit)
295 http cache cacheable-request@https://registry.npmjs.org/cacheable-request/-/cacheable-request-7.0.4.tgz 0ms (cache hit)
296 http cache ci-info@https://registry.npmjs.org/ci-info/-/ci-info-3.9.0.tgz 0ms (cache hit)
297 http cache cacheable-lookup@https://registry.npmjs.org/cacheable-lookup/-/cacheable-lookup-5.0.4.tgz 0ms (cache hit)
298 http cache builder-util-runtime@https://registry.npmjs.org/builder-util-runtime/-/builder-util-runtime-9.2.4.tgz 0ms (cache hit)
299 http cache buffer-from@https://registry.npmjs.org/buffer-from/-/buffer-from-1.1.2.tgz 0ms (cache hit)
300 http cache buffer-equal@https://registry.npmjs.org/buffer-equal/-/buffer-equal-1.0.1.tgz 0ms (cache hit)
301 http cache buffer@https://registry.npmjs.org/buffer/-/buffer-5.7.1.tgz 0ms (cache hit)
302 http cache buffer-crc32@https://registry.npmjs.org/buffer-crc32/-/buffer-crc32-0.2.13.tgz 0ms (cache hit)
303 http cache boolean@https://registry.npmjs.org/boolean/-/boolean-3.2.0.tgz 0ms (cache hit)
304 http cache brace-expansion@https://registry.npmjs.org/brace-expansion/-/brace-expansion-2.0.2.tgz 0ms (cache hit)
305 http cache bluebird-lst@https://registry.npmjs.org/bluebird-lst/-/bluebird-lst-1.0.9.tgz 0ms (cache hit)
306 http cache base64-js@https://registry.npmjs.org/base64-js/-/base64-js-1.5.1.tgz 0ms (cache hit)
307 http cache balanced-match@https://registry.npmjs.org/balanced-match/-/balanced-match-1.0.2.tgz 0ms (cache hit)
308 http cache babel-runtime@https://registry.npmjs.org/babel-runtime/-/babel-runtime-6.26.0.tgz 0ms (cache hit)
309 http cache at-least-node@https://registry.npmjs.org/at-least-node/-/at-least-node-1.0.0.tgz 0ms (cache hit)
310 http cache asynckit@https://registry.npmjs.org/asynckit/-/asynckit-0.4.0.tgz 0ms (cache hit)
311 http cache async-exit-hook@https://registry.npmjs.org/async-exit-hook/-/async-exit-hook-2.0.1.tgz 0ms (cache hit)
312 http cache async@https://registry.npmjs.org/async/-/async-3.2.6.tgz 0ms (cache hit)
313 http cache assert-plus@https://registry.npmjs.org/assert-plus/-/assert-plus-1.0.0.tgz 0ms (cache hit)
314 http cache astral-regex@https://registry.npmjs.org/astral-regex/-/astral-regex-2.0.0.tgz 0ms (cache hit)
315 http cache bl@https://registry.npmjs.org/bl/-/bl-4.1.0.tgz 0ms (cache hit)
316 http cache builder-util@https://registry.npmjs.org/builder-util/-/builder-util-24.13.1.tgz 0ms (cache hit)
317 http cache bluebird@https://registry.npmjs.org/bluebird/-/bluebird-3.7.2.tgz 0ms (cache hit)
318 http cache archiver-utils@https://registry.npmjs.org/archiver-utils/-/archiver-utils-2.1.0.tgz 0ms (cache hit)
319 http cache argparse@https://registry.npmjs.org/argparse/-/argparse-2.0.1.tgz 0ms (cache hit)
320 http cache app-builder-bin@https://registry.npmjs.org/app-builder-bin/-/app-builder-bin-4.0.0.tgz 0ms (cache hit)
321 http cache app-builder-lib@https://registry.npmjs.org/app-builder-lib/-/app-builder-lib-24.13.3.tgz 0ms (cache hit)
322 http cache ansi-regex@https://registry.npmjs.org/ansi-regex/-/ansi-regex-5.0.1.tgz 0ms (cache hit)
323 http cache ajv-keywords@https://registry.npmjs.org/ajv-keywords/-/ajv-keywords-3.5.2.tgz 0ms (cache hit)
324 http cache ansi-styles@https://registry.npmjs.org/ansi-styles/-/ansi-styles-4.3.0.tgz 0ms (cache hit)
325 http cache archiver@https://registry.npmjs.org/archiver/-/archiver-5.3.2.tgz 0ms (cache hit)
326 http cache agent-base@https://registry.npmjs.org/agent-base/-/agent-base-6.0.2.tgz 0ms (cache hit)
327 http cache ajv@https://registry.npmjs.org/ajv/-/ajv-6.12.6.tgz 0ms (cache hit)
328 http cache @xmldom/xmldom@https://registry.npmjs.org/@xmldom/xmldom/-/xmldom-0.8.11.tgz 0ms (cache hit)
329 http cache 7zip-bin@https://registry.npmjs.org/7zip-bin/-/7zip-bin-5.2.0.tgz 0ms (cache hit)
330 http cache @videojs/xhr@https://registry.npmjs.org/@videojs/xhr/-/xhr-2.7.0.tgz 0ms (cache hit)
331 http cache aes-decrypter@https://registry.npmjs.org/aes-decrypter/-/aes-decrypter-4.0.2.tgz 0ms (cache hit)
332 http cache @videojs/vhs-utils@https://registry.npmjs.org/@videojs/vhs-utils/-/vhs-utils-4.1.1.tgz 0ms (cache hit)
333 http cache @videojs/http-streaming@https://registry.npmjs.org/@videojs/http-streaming/-/http-streaming-3.17.2.tgz 0ms (cache hit)
334 http cache @types/responselike@https://registry.npmjs.org/@types/responselike/-/responselike-1.0.3.tgz 0ms (cache hit)
335 http cache @types/verror@https://registry.npmjs.org/@types/verror/-/verror-1.10.11.tgz 0ms (cache hit)
336 http cache @types/node@https://registry.npmjs.org/@types/node/-/node-22.19.3.tgz 0ms (cache hit)
337 http cache @types/yauzl@https://registry.npmjs.org/@types/yauzl/-/yauzl-2.10.3.tgz 0ms (cache hit)
338 http cache @types/plist@https://registry.npmjs.org/@types/plist/-/plist-3.0.5.tgz 0ms (cache hit)
339 http cache @types/keyv@https://registry.npmjs.org/@types/keyv/-/keyv-3.1.4.tgz 0ms (cache hit)
340 http cache @types/ms@https://registry.npmjs.org/@types/ms/-/ms-2.1.0.tgz 0ms (cache hit)
341 http cache @tootallnate/once@https://registry.npmjs.org/@tootallnate/once/-/once-2.0.0.tgz 0ms (cache hit)
342 http cache @types/fs-extra@https://registry.npmjs.org/@types/fs-extra/-/fs-extra-9.0.13.tgz 0ms (cache hit)
343 http cache @types/http-cache-semantics@https://registry.npmjs.org/@types/http-cache-semantics/-/http-cache-semantics-4.0.4.tgz 0ms (cache hit)
344 http cache @szmarczak/http-timer@https://registry.npmjs.org/@szmarczak/http-timer/-/http-timer-4.0.6.tgz 0ms (cache hit)
345 http cache @types/debug@https://registry.npmjs.org/@types/debug/-/debug-4.1.12.tgz 0ms (cache hit)
346 http cache @sindresorhus/is@https://registry.npmjs.org/@sindresorhus/is/-/is-4.6.0.tgz 0ms (cache hit)
347 http cache @pkgjs/parseargs@https://registry.npmjs.org/@pkgjs/parseargs/-/parseargs-0.11.0.tgz 0ms (cache hit)
348 http cache @isaacs/cliui@https://registry.npmjs.org/@isaacs/cliui/-/cliui-8.0.2.tgz 0ms (cache hit)
349 http cache @malept/flatpak-bundler@https://registry.npmjs.org/@malept/flatpak-bundler/-/flatpak-bundler-0.4.0.tgz 0ms (cache hit)
350 http cache @types/cacheable-request@https://registry.npmjs.org/@types/cacheable-request/-/cacheable-request-6.0.3.tgz 0ms (cache hit)
351 http cache @malept/cross-spawn-promise@https://registry.npmjs.org/@malept/cross-spawn-promise/-/cross-spawn-promise-1.1.1.tgz 0ms (cache hit)
352 http cache @electron/universal@https://registry.npmjs.org/@electron/universal/-/universal-1.5.1.tgz 0ms (cache hit)
353 http cache @electron/osx-sign@https://registry.npmjs.org/@electron/osx-sign/-/osx-sign-1.0.5.tgz 0ms (cache hit)
354 http cache @electron/notarize@https://registry.npmjs.org/@electron/notarize/-/notarize-2.2.1.tgz 0ms (cache hit)
355 http cache @develar/schema-utils@https://registry.npmjs.org/@develar/schema-utils/-/schema-utils-2.6.5.tgz 0ms (cache hit)
356 http cache @electron/get@https://registry.npmjs.org/@electron/get/-/get-2.0.3.tgz 0ms (cache hit)
357 http cache @babel/runtime@https://registry.npmjs.org/@babel/runtime/-/runtime-7.28.4.tgz 0ms (cache hit)
358 http cache archiver-utils@https://registry.npmjs.org/archiver-utils/-/archiver-utils-3.0.4.tgz 0ms (cache hit)
359 http cache process@https://registry.npmjs.org/process/-/process-0.5.2.tgz 0ms (cache hit)
360 http cache video.js@https://registry.npmjs.org/video.js/-/video.js-6.13.0.tgz 0ms (cache hit)
361 http cache @electron/asar@https://registry.npmjs.org/@electron/asar/-/asar-3.4.1.tgz 0ms (cache hit)
362 http cache videojs-font@https://registry.npmjs.org/videojs-font/-/videojs-font-2.1.0.tgz 0ms (cache hit)
363 http cache videojs-vtt.js@https://registry.npmjs.org/videojs-vtt.js/-/videojs-vtt.js-0.12.6.tgz 0ms (cache hit)
364 http cache global@https://registry.npmjs.org/global/-/global-4.3.2.tgz 0ms (cache hit)
365 http cache videojs-vtt.js@https://registry.npmjs.org/videojs-vtt.js/-/videojs-vtt.js-0.12.6.tgz 0ms (cache hit)
366 http cache global@https://registry.npmjs.org/global/-/global-4.3.2.tgz 0ms (cache hit)
367 http cache videojs-font@https://registry.npmjs.org/videojs-font/-/videojs-font-2.1.0.tgz 0ms (cache hit)
368 http cache video.js@https://registry.npmjs.org/video.js/-/video.js-6.13.0.tgz 0ms (cache hit)
369 http cache mux.js@https://registry.npmjs.org/mux.js/-/mux.js-4.3.2.tgz 0ms (cache hit)
370 http cache process@https://registry.npmjs.org/process/-/process-0.5.2.tgz 0ms (cache hit)
371 http cache process@https://registry.npmjs.org/process/-/process-0.5.2.tgz 0ms (cache hit)
372 http cache pkcs7@https://registry.npmjs.org/pkcs7/-/pkcs7-0.2.3.tgz 0ms (cache hit)
373 http cache m3u8-parser@https://registry.npmjs.org/m3u8-parser/-/m3u8-parser-2.1.0.tgz 0ms (cache hit)
374 http cache mux.js@https://registry.npmjs.org/mux.js/-/mux.js-4.3.2.tgz 0ms (cache hit)
375 http cache universalify@https://registry.npmjs.org/universalify/-/universalify-2.0.1.tgz 0ms (cache hit)
376 http cache global@https://registry.npmjs.org/global/-/global-4.3.2.tgz 0ms (cache hit)
377 http cache aes-decrypter@https://registry.npmjs.org/aes-decrypter/-/aes-decrypter-1.0.3.tgz 0ms (cache hit)
378 http cache fs-extra@https://registry.npmjs.org/fs-extra/-/fs-extra-10.1.0.tgz 0ms (cache hit)
379 http cache semver@https://registry.npmjs.org/semver/-/semver-7.7.3.tgz 0ms (cache hit)
380 http cache jsonfile@https://registry.npmjs.org/jsonfile/-/jsonfile-6.2.0.tgz 0ms (cache hit)
381 http cache minipass@https://registry.npmjs.org/minipass/-/minipass-3.3.6.tgz 0ms (cache hit)
382 http cache lru-cache@https://registry.npmjs.org/lru-cache/-/lru-cache-10.4.3.tgz 0ms (cache hit)
383 http cache safe-buffer@https://registry.npmjs.org/safe-buffer/-/safe-buffer-5.1.2.tgz 0ms (cache hit)
384 http cache semver@https://registry.npmjs.org/semver/-/semver-7.7.3.tgz 0ms (cache hit)
385 http cache minimatch@https://registry.npmjs.org/minimatch/-/minimatch-3.1.2.tgz 0ms (cache hit)
386 http cache string_decoder@https://registry.npmjs.org/string_decoder/-/string_decoder-1.1.1.tgz 0ms (cache hit)
387 http cache universalify@https://registry.npmjs.org/universalify/-/universalify-2.0.1.tgz 0ms (cache hit)
388 http cache brace-expansion@https://registry.npmjs.org/brace-expansion/-/brace-expansion-1.1.12.tgz 0ms (cache hit)
389 http cache jsonfile@https://registry.npmjs.org/jsonfile/-/jsonfile-6.2.0.tgz 0ms (cache hit)
390 http cache minipass@https://registry.npmjs.org/minipass/-/minipass-3.3.6.tgz 0ms (cache hit)
391 http cache fs-extra@https://registry.npmjs.org/fs-extra/-/fs-extra-10.1.0.tgz 0ms (cache hit)
392 http cache fs-extra@https://registry.npmjs.org/fs-extra/-/fs-extra-10.1.0.tgz 0ms (cache hit)
393 http cache readable-stream@https://registry.npmjs.org/readable-stream/-/readable-stream-2.3.8.tgz 0ms (cache hit)
394 http cache jsonfile@https://registry.npmjs.org/jsonfile/-/jsonfile-6.2.0.tgz 0ms (cache hit)
395 http cache jsonfile@https://registry.npmjs.org/jsonfile/-/jsonfile-6.2.0.tgz 0ms (cache hit)
396 http cache universalify@https://registry.npmjs.org/universalify/-/universalify-2.0.1.tgz 0ms (cache hit)
397 http cache universalify@https://registry.npmjs.org/universalify/-/universalify-2.0.1.tgz 0ms (cache hit)
398 http cache fs-extra@https://registry.npmjs.org/fs-extra/-/fs-extra-10.1.0.tgz 0ms (cache hit)
399 http cache @types/node@https://registry.npmjs.org/@types/node/-/node-20.19.27.tgz 0ms (cache hit)
400 http cache mimic-response@https://registry.npmjs.org/mimic-response/-/mimic-response-3.1.0.tgz 0ms (cache hit)
401 http cache brace-expansion@https://registry.npmjs.org/brace-expansion/-/brace-expansion-1.1.12.tgz 0ms (cache hit)
402 http cache jsonfile@https://registry.npmjs.org/jsonfile/-/jsonfile-6.2.0.tgz 0ms (cache hit)
403 http cache fs-extra@https://registry.npmjs.org/fs-extra/-/fs-extra-10.1.0.tgz 0ms (cache hit)
404 http cache universalify@https://registry.npmjs.org/universalify/-/universalify-2.0.1.tgz 0ms (cache hit)
405 http cache jsonfile@https://registry.npmjs.org/jsonfile/-/jsonfile-6.2.0.tgz 0ms (cache hit)
406 http cache minimatch@https://registry.npmjs.org/minimatch/-/minimatch-3.1.2.tgz 0ms (cache hit)
407 http cache universalify@https://registry.npmjs.org/universalify/-/universalify-2.0.1.tgz 0ms (cache hit)
408 http cache fs-extra@https://registry.npmjs.org/fs-extra/-/fs-extra-10.1.0.tgz 0ms (cache hit)
409 http cache string_decoder@https://registry.npmjs.org/string_decoder/-/string_decoder-1.1.1.tgz 0ms (cache hit)
410 http cache semver@https://registry.npmjs.org/semver/-/semver-7.7.3.tgz 0ms (cache hit)
411 http cache readable-stream@https://registry.npmjs.org/readable-stream/-/readable-stream-2.3.8.tgz 2ms (cache hit)
412 http cache jsonfile@https://registry.npmjs.org/jsonfile/-/jsonfile-6.2.0.tgz 0ms (cache hit)
413 http cache minimatch@https://registry.npmjs.org/minimatch/-/minimatch-9.0.5.tgz 0ms (cache hit)
414 http cache safe-buffer@https://registry.npmjs.org/safe-buffer/-/safe-buffer-5.1.2.tgz 0ms (cache hit)
415 http cache glob@https://registry.npmjs.org/glob/-/glob-10.5.0.tgz 0ms (cache hit)
416 http cache minipass@https://registry.npmjs.org/minipass/-/minipass-7.1.2.tgz 0ms (cache hit)
417 http cache fs-extra@https://registry.npmjs.org/fs-extra/-/fs-extra-10.1.0.tgz 0ms (cache hit)
418 http cache jsonfile@https://registry.npmjs.org/jsonfile/-/jsonfile-6.2.0.tgz 0ms (cache hit)
419 http cache universalify@https://registry.npmjs.org/universalify/-/universalify-2.0.1.tgz 0ms (cache hit)
420 http cache fs-extra@https://registry.npmjs.org/fs-extra/-/fs-extra-9.1.0.tgz 0ms (cache hit)
421 http cache strip-ansi@https://registry.npmjs.org/strip-ansi/-/strip-ansi-7.1.2.tgz 0ms (cache hit)
422 http cache wrap-ansi@https://registry.npmjs.org/wrap-ansi/-/wrap-ansi-8.1.0.tgz 0ms (cache hit)
423 http cache minimatch@https://registry.npmjs.org/minimatch/-/minimatch-3.1.2.tgz 0ms (cache hit)
424 http cache universalify@https://registry.npmjs.org/universalify/-/universalify-2.0.1.tgz 0ms (cache hit)
425 http cache emoji-regex@https://registry.npmjs.org/emoji-regex/-/emoji-regex-9.2.2.tgz 0ms (cache hit)
426 http cache universalify@https://registry.npmjs.org/universalify/-/universalify-2.0.1.tgz 0ms (cache hit)
427 http cache string-width@https://registry.npmjs.org/string-width/-/string-width-5.1.2.tgz 0ms (cache hit)
428 http cache jsonfile@https://registry.npmjs.org/jsonfile/-/jsonfile-6.2.0.tgz 0ms (cache hit)
429 http cache ansi-styles@https://registry.npmjs.org/ansi-styles/-/ansi-styles-6.2.3.tgz 0ms (cache hit)
430 http cache ansi-regex@https://registry.npmjs.org/ansi-regex/-/ansi-regex-6.2.2.tgz 0ms (cache hit)
431 http cache brace-expansion@https://registry.npmjs.org/brace-expansion/-/brace-expansion-1.1.12.tgz 0ms (cache hit)
432 http cache fs-extra@https://registry.npmjs.org/fs-extra/-/fs-extra-9.1.0.tgz 0ms (cache hit)
433 http cache jsonfile@https://registry.npmjs.org/jsonfile/-/jsonfile-6.2.0.tgz 0ms (cache hit)
434 http cache brace-expansion@https://registry.npmjs.org/brace-expansion/-/brace-expansion-1.1.12.tgz 0ms (cache hit)
435 http cache universalify@https://registry.npmjs.org/universalify/-/universalify-2.0.1.tgz 0ms (cache hit)
436 http cache jsonfile@https://registry.npmjs.org/jsonfile/-/jsonfile-6.2.0.tgz 0ms (cache hit)
437 http cache minimatch@https://registry.npmjs.org/minimatch/-/minimatch-3.1.2.tgz 0ms (cache hit)
438 http cache isbinaryfile@https://registry.npmjs.org/isbinaryfile/-/isbinaryfile-4.0.10.tgz 0ms (cache hit)
439 http cache fs-extra@https://registry.npmjs.org/fs-extra/-/fs-extra-9.1.0.tgz 0ms (cache hit)
440 http cache universalify@https://registry.npmjs.org/universalify/-/universalify-2.0.1.tgz 0ms (cache hit)
441 http cache fs-extra@https://registry.npmjs.org/fs-extra/-/fs-extra-10.1.0.tgz 0ms (cache hit)
442 warn deprecated inflight@1.0.6: This module is not supported, and leaks memory. Do not use it. Check out lru-cache if you want a good and tested way to coalesce async requests by a key value, which is much more comprehensive and powerful.
443 warn deprecated tsml@1.0.1: no longer maintained
444 warn deprecated glob@7.2.3: Glob versions prior to v9 are no longer supported
445 warn deprecated boolean@3.2.0: Package no longer supported. Contact Support at https://www.npmjs.com/support for more info.
446 warn deprecated core-js@2.6.12: core-js@<3.23.3 is no longer maintained and not recommended for usage due to the number of issues. Because of the V8 engine whims, feature detection in old core-js versions could cause a slowdown up to 100x even if nothing is polyfilled. Some versions have web compatibility issues. Please, upgrade your dependencies to the actual version of core-js.
447 info run core-js@2.6.12 postinstall node_modules/core-js node -e "try{require('./postinstall')}catch(e){}"
448 info run electron@29.4.6 postinstall node_modules/electron node install.js
449 info run core-js@2.6.12 postinstall { code: 0, signal: null }
450 info run electron@29.4.6 postinstall { code: 0, signal: null }
451 silly ADD node_modules/zip-stream
452 silly ADD node_modules/zip-stream/node_modules/archiver-utils
453 silly ADD node_modules/yauzl
454 silly ADD node_modules/yargs-parser
455 silly ADD node_modules/yargs
456 silly ADD node_modules/yallist
457 silly ADD node_modules/y18n
458 silly ADD node_modules/xtend
459 silly ADD node_modules/xmlbuilder
460 silly ADD node_modules/xhr
461 silly ADD node_modules/xhr/node_modules/process
462 silly ADD node_modules/xhr/node_modules/global
463 silly ADD node_modules/wrappy
464 silly ADD node_modules/wrap-ansi-cjs
465 silly ADD node_modules/wrap-ansi
466 silly ADD node_modules/which
467 silly ADD node_modules/webwackify
468 silly ADD node_modules/videojs-vtt.js
469 silly ADD node_modules/videojs-ie8
470 silly ADD node_modules/videojs-font
471 silly ADD node_modules/videojs-contrib-quality-levels
472 silly ADD node_modules/videojs-contrib-media-sources
473 silly ADD node_modules/videojs-contrib-media-sources/node_modules/videojs-vtt.js
474 silly ADD node_modules/videojs-contrib-media-sources/node_modules/videojs-font
475 silly ADD node_modules/videojs-contrib-media-sources/node_modules/video.js
476 silly ADD node_modules/videojs-contrib-media-sources/node_modules/process
477 silly ADD node_modules/videojs-contrib-media-sources/node_modules/mux.js
478 silly ADD node_modules/videojs-contrib-media-sources/node_modules/global
479 silly ADD node_modules/videojs-contrib-hls
480 silly ADD node_modules/videojs-contrib-hls/node_modules/videojs-vtt.js
481 silly ADD node_modules/videojs-contrib-hls/node_modules/videojs-font
482 silly ADD node_modules/videojs-contrib-hls/node_modules/video.js
483 silly ADD node_modules/videojs-contrib-hls/node_modules/process
484 silly ADD node_modules/videojs-contrib-hls/node_modules/pkcs7
485 silly ADD node_modules/videojs-contrib-hls/node_modules/mux.js
486 silly ADD node_modules/videojs-contrib-hls/node_modules/m3u8-parser
487 silly ADD node_modules/videojs-contrib-hls/node_modules/global
488 silly ADD node_modules/videojs-contrib-hls/node_modules/aes-decrypter
489 silly ADD node_modules/video.js
490 silly ADD
491 silly ADD node_modules/util-deprecate
492 silly ADD node_modules/utf8-byte-length
493 silly ADD node_modules/url-toolkit
494 silly ADD node_modules/uri-js
495 silly ADD node_modules/universalify
496 silly ADD node_modules/undici-types
497 silly ADD node_modules/typescript
498 silly ADD node_modules/type-fest
499 silly ADD node_modules/tsml
500 silly ADD node_modules/truncate-utf8-bytes
501 silly ADD node_modules/tmp-promise
502 silly ADD node_modules/tmp
503 silly ADD node_modules/temp-file
504 silly ADD node_modules/temp-file/node_modules/universalify
505 silly ADD node_modules/temp-file/node_modules/jsonfile
506 silly ADD node_modules/temp-file/node_modules/fs-extra
507 silly ADD node_modules/tar-stream
508 silly ADD node_modules/tar
509 silly ADD node_modules/supports-color
510 silly ADD node_modules/sumchecker
511 silly ADD node_modules/strip-ansi-cjs
512 silly ADD node_modules/strip-ansi
513 silly ADD node_modules/string-width-cjs
514 silly ADD node_modules/string-width
515 silly ADD node_modules/string_decoder
516 silly ADD node_modules/stat-mode
517 silly ADD node_modules/sprintf-js
518 silly ADD node_modules/source-map-support
519 silly ADD node_modules/source-map
520 silly ADD
521 silly ADD
522 silly ADD node_modules/simple-update-notifier
523 silly ADD node_modules/simple-update-notifier/node_modules/semver
524 silly ADD node_modules/signal-exit
525 silly ADD node_modules/shebang-regex
526 silly ADD node_modules/shebang-command
527 silly ADD node_modules/serialize-error
528 silly ADD node_modules/semver-compare
529 silly ADD node_modules/semver
530 silly ADD node_modules/sax
531 silly ADD node_modules/sanitize-filename
532 silly ADD node_modules/safer-buffer
533 silly ADD node_modules/safe-json-parse
534 silly ADD node_modules/safe-buffer
535 silly ADD node_modules/rust-result
536 silly ADD node_modules/roarr
537 silly ADD node_modules/retry
538 silly ADD node_modules/responselike
539 silly ADD node_modules/resolve-alpn
540 silly ADD node_modules/require-directory
541 silly ADD node_modules/regenerator-runtime
542 silly ADD node_modules/readdir-glob
543 silly ADD node_modules/readable-stream
544 silly ADD node_modules/read-config-file
545 silly ADD node_modules/quick-lru
546 silly ADD node_modules/punycode
547 silly ADD node_modules/pump
548 silly ADD node_modules/promise-retry
549 silly ADD node_modules/progress
550 silly ADD node_modules/process-nextick-args
551 silly ADD node_modules/process
552 silly ADD node_modules/plist
553 silly ADD node_modules/pkcs7
554 silly ADD node_modules/picocolors
555 silly ADD node_modules/pend
556 silly ADD node_modules/path-scurry
557 silly ADD node_modules/path-scurry/node_modules/lru-cache
558 silly ADD node_modules/path-key
559 silly ADD node_modules/path-is-absolute
560 silly ADD node_modules/parse-headers
561 silly ADD node_modules/package-json-from-dist
562 silly ADD node_modules/p-cancelable
563 silly ADD node_modules/once
564 silly ADD node_modules/object-keys
565 silly ADD node_modules/normalize-url
566 silly ADD node_modules/normalize-path
567 silly ADD
568 silly ADD node_modules/mux.js
569 silly ADD node_modules/ms
570 silly ADD node_modules/mpd-parser
571 silly ADD node_modules/mkdirp
572 silly ADD node_modules/minizlib
573 silly ADD node_modules/minizlib/node_modules/minipass
574 silly ADD node_modules/minipass
575 silly ADD node_modules/minimist
576 silly ADD node_modules/minimatch
577 silly ADD node_modules/min-document
578 silly ADD node_modules/mimic-response
579 silly ADD node_modules/mime-types
580 silly ADD node_modules/mime-db
581 silly ADD node_modules/mime
582 silly ADD node_modules/math-intrinsics
583 silly ADD node_modules/matcher
584 silly ADD node_modules/m3u8-parser
585 silly ADD node_modules/lru-cache
586 silly ADD node_modules/lowercase-keys
587 silly ADD node_modules/lodash.union
588 silly ADD node_modules/lodash.isplainobject
589 silly ADD node_modules/lodash.flatten
590 silly ADD node_modules/lodash.difference
591 silly ADD node_modules/lodash.defaults
592 silly ADD node_modules/lodash
593 silly ADD node_modules/lazystream
594 silly ADD node_modules/lazystream/node_modules/string_decoder
595 silly ADD node_modules/lazystream/node_modules/safe-buffer
596 silly ADD node_modules/lazystream/node_modules/readable-stream
597 silly ADD node_modules/lazy-val
598 silly ADD node_modules/keyv
599 silly ADD node_modules/jsonfile
600 silly ADD node_modules/json5
601 silly ADD node_modules/json-stringify-safe
602 silly ADD node_modules/json-schema-traverse
603 silly ADD node_modules/json-buffer
604 silly ADD node_modules/js-yaml
605 silly ADD node_modules/jake
606 silly ADD node_modules/jackspeak
607 silly ADD node_modules/isexe
608 silly ADD node_modules/isbinaryfile
609 silly ADD node_modules/isarray
610 silly ADD node_modules/is-function
611 silly ADD node_modules/is-fullwidth-code-point
612 silly ADD node_modules/is-ci
613 silly ADD node_modules/inherits
614 silly ADD node_modules/inflight
615 silly ADD node_modules/individual
616 silly ADD node_modules/ieee754
617 silly ADD node_modules/iconv-lite
618 silly ADD
619 silly ADD node_modules/https-proxy-agent
620 silly ADD node_modules/http2-wrapper
621 silly ADD node_modules/http-proxy-agent
622 silly ADD node_modules/http-cache-semantics
623 silly ADD node_modules/hosted-git-info
624 silly ADD node_modules/hls.js
625 silly ADD node_modules/hasown
626 silly ADD node_modules/has-tostringtag
627 silly ADD node_modules/has-symbols
628 silly ADD node_modules/has-property-descriptors
629 silly ADD node_modules/has-flag
630 silly ADD node_modules/graceful-fs
631 silly ADD node_modules/got
632 silly ADD node_modules/gopd
633 silly ADD node_modules/globalthis
634 silly ADD node_modules/global-agent
635 silly ADD node_modules/global-agent/node_modules/semver
636 silly ADD node_modules/global
637 silly ADD node_modules/glob
638 silly ADD node_modules/glob/node_modules/minimatch
639 silly ADD node_modules/glob/node_modules/brace-expansion
640 silly ADD node_modules/get-stream
641 silly ADD node_modules/get-proto
642 silly ADD node_modules/get-intrinsic
643 silly ADD node_modules/get-caller-file
644 silly ADD node_modules/function-bind
645 silly ADD node_modules/fs.realpath
646 silly ADD node_modules/fs-minipass
647 silly ADD node_modules/fs-minipass/node_modules/minipass
648 silly ADD node_modules/fs-extra
649 silly ADD node_modules/fs-constants
650 silly ADD node_modules/form-data
651 silly ADD node_modules/foreground-child
652 silly ADD node_modules/filelist
653 silly ADD node_modules/fd-slicer
654 silly ADD node_modules/fast-json-stable-stringify
655 silly ADD node_modules/fast-deep-equal
656 silly ADD
657 silly ADD node_modules/extract-zip
658 silly ADD node_modules/escape-string-regexp
659 silly ADD node_modules/escalade
660 silly ADD node_modules/es6-error
661 silly ADD node_modules/es5-shim
662 silly ADD node_modules/es-set-tostringtag
663 silly ADD node_modules/es-object-atoms
664 silly ADD node_modules/es-errors
665 silly ADD node_modules/es-define-property
666 silly ADD node_modules/err-code
667 silly ADD node_modules/env-paths
668 silly ADD node_modules/end-of-stream
669 silly ADD node_modules/emoji-regex
670 silly ADD node_modules/electron-publish
671 silly ADD node_modules/electron-publish/node_modules/universalify
672 silly ADD node_modules/electron-publish/node_modules/jsonfile
673 silly ADD node_modules/electron-publish/node_modules/fs-extra
674 silly ADD node_modules/electron-builder-squirrel-windows
675 silly ADD node_modules/electron-builder-squirrel-windows/node_modules/universalify
676 silly ADD node_modules/electron-builder-squirrel-windows/node_modules/jsonfile
677 silly ADD node_modules/electron-builder-squirrel-windows/node_modules/fs-extra
678 silly ADD node_modules/electron-builder
679 silly ADD node_modules/electron-builder/node_modules/universalify
680 silly ADD node_modules/electron-builder/node_modules/jsonfile
681 silly ADD node_modules/electron-builder/node_modules/fs-extra
682 silly ADD node_modules/electron
683 silly ADD node_modules/electron/node_modules/@types/node
684 silly ADD node_modules/ejs
685 silly ADD node_modules/eastasianwidth
686 silly ADD node_modules/dunder-proto
687 silly ADD node_modules/dotenv-expand
688 silly ADD node_modules/dotenv
689 silly ADD node_modules/dom-walk
690 silly ADD
691 silly ADD node_modules/dmg-builder
692 silly ADD node_modules/dmg-builder/node_modules/universalify
693 silly ADD node_modules/dmg-builder/node_modules/jsonfile
694 silly ADD node_modules/dmg-builder/node_modules/fs-extra
695 silly ADD node_modules/dir-compare
696 silly ADD node_modules/dir-compare/node_modules/minimatch
697 silly ADD node_modules/dir-compare/node_modules/brace-expansion
698 silly ADD node_modules/detect-node
699 silly ADD node_modules/delayed-stream
700 silly ADD node_modules/define-properties
701 silly ADD node_modules/define-data-property
702 silly ADD node_modules/defer-to-connect
703 silly ADD node_modules/decompress-response
704 silly ADD node_modules/decompress-response/node_modules/mimic-response
705 silly ADD node_modules/debug
706 silly ADD node_modules/cross-spawn
707 silly ADD node_modules/crc32-stream
708 silly ADD node_modules/crc-32
709 silly ADD
710 silly ADD node_modules/core-util-is
711 silly ADD node_modules/core-js
712 silly ADD node_modules/config-file-ts
713 silly ADD node_modules/config-file-ts/node_modules/minipass
714 silly ADD node_modules/config-file-ts/node_modules/minimatch
715 silly ADD node_modules/config-file-ts/node_modules/glob
716 silly ADD node_modules/concat-map
717 silly ADD node_modules/compress-commons
718 silly ADD node_modules/compare-version
719 silly ADD node_modules/commander
720 silly ADD node_modules/combined-stream
721 silly ADD node_modules/color-name
722 silly ADD node_modules/color-convert
723 silly ADD node_modules/clone-response
724 silly ADD node_modules/cliui
725 silly ADD
726 silly ADD node_modules/ci-info
727 silly ADD node_modules/chromium-pickle-js
728 silly ADD node_modules/chownr
729 silly ADD node_modules/chalk
730 silly ADD node_modules/call-bind-apply-helpers
731 silly ADD node_modules/cacheable-request
732 silly ADD node_modules/cacheable-lookup
733 silly ADD node_modules/builder-util-runtime
734 silly ADD node_modules/builder-util
735 silly ADD node_modules/builder-util/node_modules/universalify
736 silly ADD node_modules/builder-util/node_modules/jsonfile
737 silly ADD node_modules/builder-util/node_modules/fs-extra
738 silly ADD node_modules/buffer-from
739 silly ADD node_modules/buffer-equal
740 silly ADD node_modules/buffer-crc32
741 silly ADD node_modules/buffer
742 silly ADD node_modules/brace-expansion
743 silly ADD node_modules/boolean
744 silly ADD node_modules/bluebird-lst
745 silly ADD node_modules/bluebird
746 silly ADD node_modules/bl
747 silly ADD node_modules/base64-js
748 silly ADD node_modules/balanced-match
749 silly ADD node_modules/babel-runtime
750 silly ADD node_modules/at-least-node
751 silly ADD node_modules/asynckit
752 silly ADD node_modules/async-exit-hook
753 silly ADD node_modules/async
754 silly ADD
755 silly ADD
756 silly ADD node_modules/argparse
757 silly ADD node_modules/archiver-utils
758 silly ADD node_modules/archiver-utils/node_modules/string_decoder
759 silly ADD node_modules/archiver-utils/node_modules/safe-buffer
760 silly ADD node_modules/archiver-utils/node_modules/readable-stream
761 silly ADD node_modules/archiver
762 silly ADD node_modules/app-builder-lib
763 silly ADD node_modules/app-builder-lib/node_modules/universalify
764 silly ADD node_modules/app-builder-lib/node_modules/semver
765 silly ADD node_modules/app-builder-lib/node_modules/jsonfile
766 silly ADD node_modules/app-builder-lib/node_modules/fs-extra
767 silly ADD node_modules/app-builder-bin
768 silly ADD node_modules/ansi-styles
769 silly ADD node_modules/ansi-regex
770 silly ADD node_modules/ajv-keywords
771 silly ADD node_modules/ajv
772 silly ADD node_modules/agent-base
773 silly ADD node_modules/aes-decrypter
774 silly ADD node_modules/7zip-bin
775 silly ADD node_modules/@xmldom/xmldom
776 silly ADD node_modules/@videojs/xhr
777 silly ADD node_modules/@videojs/vhs-utils
778 silly ADD node_modules/@videojs/http-streaming
779 silly ADD node_modules/@types/yauzl
780 silly ADD
781 silly ADD node_modules/@types/responselike
782 silly ADD
783 silly ADD node_modules/@types/node
784 silly ADD node_modules/@types/ms
785 silly ADD node_modules/@types/keyv
786 silly ADD node_modules/@types/http-cache-semantics
787 silly ADD node_modules/@types/fs-extra
788 silly ADD node_modules/@types/debug
789 silly ADD node_modules/@types/cacheable-request
790 silly ADD node_modules/@tootallnate/once
791 silly ADD node_modules/@szmarczak/http-timer
792 silly ADD node_modules/@sindresorhus/is
793 silly ADD node_modules/@pkgjs/parseargs
794 silly ADD node_modules/@malept/flatpak-bundler
795 silly ADD node_modules/@malept/flatpak-bundler/node_modules/universalify
796 silly ADD node_modules/@malept/flatpak-bundler/node_modules/jsonfile
797 silly ADD node_modules/@malept/flatpak-bundler/node_modules/fs-extra
798 silly ADD node_modules/@malept/cross-spawn-promise
799 silly ADD node_modules/@isaacs/cliui
800 silly ADD node_modules/@isaacs/cliui/node_modules/wrap-ansi
801 silly ADD node_modules/@isaacs/cliui/node_modules/strip-ansi
802 silly ADD node_modules/@isaacs/cliui/node_modules/string-width
803 silly ADD node_modules/@isaacs/cliui/node_modules/emoji-regex
804 silly ADD node_modules/@isaacs/cliui/node_modules/ansi-styles
805 silly ADD node_modules/@isaacs/cliui/node_modules/ansi-regex
806 silly ADD node_modules/@electron/universal
807 silly ADD node_modules/@electron/universal/node_modules/universalify
808 silly ADD node_modules/@electron/universal/node_modules/minimatch
809 silly ADD node_modules/@electron/universal/node_modules/jsonfile
810 silly ADD node_modules/@electron/universal/node_modules/fs-extra
811 silly ADD node_modules/@electron/universal/node_modules/brace-expansion
812 silly ADD node_modules/@electron/osx-sign
813 silly ADD node_modules/@electron/osx-sign/node_modules/universalify
814 silly ADD node_modules/@electron/osx-sign/node_modules/jsonfile
815 silly ADD node_modules/@electron/osx-sign/node_modules/isbinaryfile
816 silly ADD node_modules/@electron/osx-sign/node_modules/fs-extra
817 silly ADD node_modules/@electron/notarize
818 silly ADD node_modules/@electron/notarize/node_modules/universalify
819 silly ADD node_modules/@electron/notarize/node_modules/jsonfile
820 silly ADD node_modules/@electron/notarize/node_modules/fs-extra
821 silly ADD node_modules/@electron/get
822 silly ADD node_modules/@electron/asar
823 silly ADD node_modules/@electron/asar/node_modules/minimatch
824 silly ADD node_modules/@electron/asar/node_modules/brace-expansion
825 silly ADD node_modules/@develar/schema-utils
826 silly ADD node_modules/@babel/runtime
827 verbose cwd C:\Users\User\Documents\airsea\development\crowd-counting\narada-ui
828 verbose os Windows_NT 10.0.26100
829 verbose node v22.15.0
830 verbose npm  v10.9.2
831 verbose exit 0
832 info ok
